<?xml version="1.0" encoding="UTF-8"?>
<testsuite name="com.example.LearnKotlin.service.MemberServiceTest" tests="1" skipped="0" failures="0" errors="0" timestamp="2021-07-14T05:02:49" hostname="SEOKWOOui-MacBookPro-2.local" time="0.052">
  <properties/>
  <testcase name="join()" classname="com.example.LearnKotlin.service.MemberServiceTest" time="0.052"/>
  <system-out><![CDATA[join = 0ms
]]></system-out>
  <system-err><![CDATA[]]></system-err>
</testsuite>
